c:\users\jizho\downloads\d2dx-ext_motion_prediction\src\d2dx\release\glide3x.pch
c:\users\jizho\downloads\d2dx-ext_motion_prediction\src\d2dx\release\vc143.pdb
c:\users\jizho\downloads\d2dx-ext_motion_prediction\src\d2dx\release\pch.obj
c:\users\jizho\downloads\d2dx-ext_motion_prediction\src\d2dx\release\unitmotionpredictor.obj
c:\users\jizho\downloads\d2dx-ext_motion_prediction\src\d2dx\release\texturehasher.obj
c:\users\jizho\downloads\d2dx-ext_motion_prediction\src\d2dx\release\texturecachepolicybitpmru.obj
c:\users\jizho\downloads\d2dx-ext_motion_prediction\src\d2dx\release\glide3x.obj
c:\users\jizho\downloads\d2dx-ext_motion_prediction\src\d2dx\release\gamehelper.obj
c:\users\jizho\downloads\d2dx-ext_motion_prediction\src\d2dx\release\rendercontext.obj
c:\users\jizho\downloads\d2dx-ext_motion_prediction\src\d2dx\release\dllmain.obj
c:\users\jizho\downloads\d2dx-ext_motion_prediction\src\d2dx\release\texturecache.obj
c:\users\jizho\downloads\d2dx-ext_motion_prediction\src\d2dx\release\surfaceidtracker.obj
c:\users\jizho\downloads\d2dx-ext_motion_prediction\src\d2dx\release\rendercontextresources.obj
c:\users\jizho\downloads\d2dx-ext_motion_prediction\src\d2dx\release\options.obj
c:\users\jizho\downloads\d2dx-ext_motion_prediction\src\d2dx\release\metrics.obj
c:\users\jizho\downloads\d2dx-ext_motion_prediction\src\d2dx\release\textmotionpredictor.obj
c:\users\jizho\downloads\d2dx-ext_motion_prediction\src\d2dx\release\d2dxconfigurator.obj
c:\users\jizho\downloads\d2dx-ext_motion_prediction\src\d2dx\release\detours.obj
c:\users\jizho\downloads\d2dx-ext_motion_prediction\src\d2dx\release\d2types.obj
c:\users\jizho\downloads\d2dx-ext_motion_prediction\src\d2dx\release\d2dxcontextfactory.obj
c:\users\jizho\downloads\d2dx-ext_motion_prediction\src\d2dx\release\compatibilitymodedisabler.obj
c:\users\jizho\downloads\d2dx-ext_motion_prediction\src\d2dx\release\builtinresmod.obj
c:\users\jizho\downloads\d2dx-ext_motion_prediction\src\d2dx\release\hash_32a.obj
c:\users\jizho\downloads\d2dx-ext_motion_prediction\src\d2dx\release\weathermotionpredictor.obj
c:\users\jizho\downloads\d2dx-ext_motion_prediction\src\d2dx\release\utils.obj
c:\users\jizho\downloads\d2dx-ext_motion_prediction\src\d2dx\release\toml.obj
c:\users\jizho\downloads\d2dx-ext_motion_prediction\src\d2dx\release\d2dxcontext.obj
c:\users\jizho\downloads\d2dx-ext_motion_prediction\src\d2dx\release\simdsse2.obj
c:\users\jizho\downloads\d2dx-ext_motion_prediction\src\d2dx\displaybilinearscaleps_cso.h
c:\users\jizho\downloads\d2dx-ext_motion_prediction\src\d2dx\displaybilinearscaleps_dxbc.txt
c:\users\jizho\downloads\d2dx-ext_motion_prediction\src\d2dx\displaycatmullromscaleps_cso.h
c:\users\jizho\downloads\d2dx-ext_motion_prediction\src\d2dx\displaycatmullromscaleps_dxbc.txt
c:\users\jizho\downloads\d2dx-ext_motion_prediction\src\d2dx\displaynonintegerscaleps_cso.h
c:\users\jizho\downloads\d2dx-ext_motion_prediction\src\d2dx\displaynonintegerscaleps_dxbc.txt
c:\users\jizho\downloads\d2dx-ext_motion_prediction\src\d2dx\displayintegerscaleps_cso.h
c:\users\jizho\downloads\d2dx-ext_motion_prediction\src\d2dx\displayintegerscaleps_dxbc.txt
c:\users\jizho\downloads\d2dx-ext_motion_prediction\src\d2dx\displayvs_cso.h
c:\users\jizho\downloads\d2dx-ext_motion_prediction\src\d2dx\displayvs_dxbc.txt
c:\users\jizho\downloads\d2dx-ext_motion_prediction\src\d2dx\gameps_cso.h
c:\users\jizho\downloads\d2dx-ext_motion_prediction\src\d2dx\gameps_dxbc.txt
c:\users\jizho\downloads\d2dx-ext_motion_prediction\src\d2dx\gamevs_cso.h
c:\users\jizho\downloads\d2dx-ext_motion_prediction\src\d2dx\gamevs_dxbc.txt
c:\users\jizho\downloads\d2dx-ext_motion_prediction\src\d2dx\gammaps_cso.h
c:\users\jizho\downloads\d2dx-ext_motion_prediction\src\d2dx\gammaps_dxbc.txt
c:\users\jizho\downloads\d2dx-ext_motion_prediction\src\d2dx\resolveaa_cso.h
c:\users\jizho\downloads\d2dx-ext_motion_prediction\src\d2dx\resolveaa_dxbc.txt
c:\users\jizho\downloads\d2dx-ext_motion_prediction\src\d2dx\videops_cso.h
c:\users\jizho\downloads\d2dx-ext_motion_prediction\src\d2dx\videops_dxbc.txt
c:\users\jizho\downloads\d2dx-ext_motion_prediction\src\release\glide3x.dll
c:\users\jizho\downloads\d2dx-ext_motion_prediction\src\d2dx\release\simdsse2.asm
c:\users\jizho\downloads\d2dx-ext_motion_prediction\src\d2dx\release\d2dxcontext.asm
c:\users\jizho\downloads\d2dx-ext_motion_prediction\src\d2dx\release\glide3x.iobj
c:\users\jizho\downloads\d2dx-ext_motion_prediction\src\release\glide3x.pdb
c:\users\jizho\downloads\d2dx-ext_motion_prediction\src\release\glide3x.lib
c:\users\jizho\downloads\d2dx-ext_motion_prediction\src\release\glide3x.exp
c:\users\jizho\downloads\d2dx-ext_motion_prediction\src\d2dx\release\d2dx.res
c:\users\jizho\downloads\d2dx-ext_motion_prediction\src\d2dx\release\d2dx.tlog\cl.command.1.tlog
c:\users\jizho\downloads\d2dx-ext_motion_prediction\src\d2dx\release\d2dx.tlog\cl.read.1.tlog
c:\users\jizho\downloads\d2dx-ext_motion_prediction\src\d2dx\release\d2dx.tlog\cl.write.1.tlog
c:\users\jizho\downloads\d2dx-ext_motion_prediction\src\d2dx\release\d2dx.tlog\fxc.command.1.tlog
c:\users\jizho\downloads\d2dx-ext_motion_prediction\src\d2dx\release\d2dx.tlog\fxc.read.1.tlog
c:\users\jizho\downloads\d2dx-ext_motion_prediction\src\d2dx\release\d2dx.tlog\fxc.write.1.tlog
c:\users\jizho\downloads\d2dx-ext_motion_prediction\src\d2dx\release\d2dx.tlog\link.command.1.tlog
c:\users\jizho\downloads\d2dx-ext_motion_prediction\src\d2dx\release\d2dx.tlog\link.read.1.tlog
c:\users\jizho\downloads\d2dx-ext_motion_prediction\src\d2dx\release\d2dx.tlog\link.write.1.tlog
c:\users\jizho\downloads\d2dx-ext_motion_prediction\src\d2dx\release\d2dx.tlog\link.write.2u.tlog
c:\users\jizho\downloads\d2dx-ext_motion_prediction\src\d2dx\release\d2dx.tlog\rc.command.1.tlog
c:\users\jizho\downloads\d2dx-ext_motion_prediction\src\d2dx\release\d2dx.tlog\rc.read.1.tlog
c:\users\jizho\downloads\d2dx-ext_motion_prediction\src\d2dx\release\d2dx.tlog\rc.write.1.tlog
